<?xml version="1.0" encoding="UTF-8" ?>
<testsuite tests="10" failures="0" name="UserServiceImplTest" time="0.546" errors="0" skipped="0">
  <properties>
[...]
</properties>
  <testcase classname="UserServiceImplTest" name="test0InsertUser" time="0.5"/>
  <testcase classname="UserServiceImplTest" name="test1UpdateUser" time="0"/>
  <testcase classname="UserServiceImplTest" name="test2GetUserById" time="0.015"/>
  <testcase classname="UserServiceImplTest" name="test3GetUserByEmail" time="0"/>
  <testcase classname="UserServiceImplTest" name="test4SelectUser" time="0"/>
  <testcase classname="UserServiceImplTest" name="test5SelectUserCount" time="0.016"/>
  <testcase classname="UserServiceImplTest" name="test6DeleteUserId" time="0"/>
  <testcase classname="UserServiceImplTest" name="test7DeleteUserIds" time="0.015"/>
  <testcase classname="UserServiceImplTest" name="test8CheckPassword" time="0"/>
  <testcase classname="UserServiceImplTest" name="test9DeleteUserIdsHard" time="0"/>
</testsuite>